This file contains any messages produced by compilers while
running configure, to aid debugging if configure makes a mistake.

It was created by GrADS configure 2.2.1, which was
generated by GNU Autoconf 2.69.  Invocation command line was

  $ ./configure --disable-shared

## --------- ##
## Platform. ##
## --------- ##

hostname = nano
uname -m = x86_64
uname -r = 6.8.0-64-generic
uname -s = Linux
uname -v = #67~22.04.1-Ubuntu SMP PREEMPT_DYNAMIC Tue Jun 24 15:19:46 UTC 2

/usr/bin/uname -p = x86_64
/bin/uname -X     = unknown

/bin/arch              = x86_64
/usr/bin/arch -k       = unknown
/usr/convex/getsysinfo = unknown
/usr/bin/hostinfo      = unknown
/bin/machine           = unknown
/usr/bin/oslevel       = unknown
/bin/universe          = unknown

PATH: /usr/local/sbin
PATH: /usr/local/bin
PATH: /usr/sbin
PATH: /usr/bin
PATH: /sbin
PATH: /bin
PATH: /usr/games
PATH: /usr/local/games
PATH: /snap/bin


## ----------- ##
## Core tests. ##
## ----------- ##

configure:2589: checking for a BSD-compatible install
configure:2657: result: /usr/bin/install -c
configure:2668: checking whether build environment is sane
configure:2723: result: yes
configure:2761: WARNING: 'missing' script is too old or missing
configure:2874: checking for a thread-safe mkdir -p
configure:2913: result: /usr/bin/mkdir -p
configure:2920: checking for gawk
configure:2936: found /usr/bin/gawk
configure:2947: result: gawk
configure:2958: checking whether make sets $(MAKE)
configure:2980: result: yes
configure:3009: checking whether make supports nested variables
configure:3026: result: yes
configure:3114: checking whether to enable maintainer-specific portions of Makefiles
configure:3123: result: no
configure:3194: checking build system type
configure:3208: result: x86_64-unknown-linux-gnu
configure:3228: checking host system type
configure:3241: result: x86_64-unknown-linux-gnu
configure:3282: checking how to print strings
configure:3309: result: printf
configure:3378: checking for gcc
configure:3394: found /usr/bin/gcc
configure:3405: result: gcc
configure:3634: checking for C compiler version
configure:3643: gcc --version >&5
gcc (Ubuntu 11.4.0-1ubuntu1~22.04) 11.4.0
Copyright (C) 2021 Free Software Foundation, Inc.
This is free software; see the source for copying conditions.  There is NO
warranty; not even for MERCHANTABILITY or FITNESS FOR A PARTICULAR PURPOSE.

configure:3654: $? = 0
configure:3643: gcc -v >&5
Using built-in specs.
COLLECT_GCC=gcc
COLLECT_LTO_WRAPPER=/usr/lib/gcc/x86_64-linux-gnu/11/lto-wrapper
OFFLOAD_TARGET_NAMES=nvptx-none:amdgcn-amdhsa
OFFLOAD_TARGET_DEFAULT=1
Target: x86_64-linux-gnu
Configured with: ../src/configure -v --with-pkgversion='Ubuntu 11.4.0-1ubuntu1~22.04' --with-bugurl=file:///usr/share/doc/gcc-11/README.Bugs --enable-languages=c,ada,c++,go,brig,d,fortran,objc,obj-c++,m2 --prefix=/usr --with-gcc-major-version-only --program-suffix=-11 --program-prefix=x86_64-linux-gnu- --enable-shared --enable-linker-build-id --libexecdir=/usr/lib --without-included-gettext --enable-threads=posix --libdir=/usr/lib --enable-nls --enable-bootstrap --enable-clocale=gnu --enable-libstdcxx-debug --enable-libstdcxx-time=yes --with-default-libstdcxx-abi=new --enable-gnu-unique-object --disable-vtable-verify --enable-plugin --enable-default-pie --with-system-zlib --enable-libphobos-checking=release --with-target-system-zlib=auto --enable-objc-gc=auto --enable-multiarch --disable-werror --enable-cet --with-arch-32=i686 --with-abi=m64 --with-multilib-list=m32,m64,mx32 --enable-multilib --with-tune=generic --enable-offload-targets=nvptx-none=/build/gcc-11-XeT9lY/gcc-11-11.4.0/debian/tmp-nvptx/usr,amdgcn-amdhsa=/build/gcc-11-XeT9lY/gcc-11-11.4.0/debian/tmp-gcn/usr --without-cuda-driver --enable-checking=release --build=x86_64-linux-gnu --host=x86_64-linux-gnu --target=x86_64-linux-gnu --with-build-config=bootstrap-lto-lean --enable-link-serialization=2
Thread model: posix
Supported LTO compression algorithms: zlib zstd
gcc version 11.4.0 (Ubuntu 11.4.0-1ubuntu1~22.04) 
... rest of stderr output deleted ...
configure:3654: $? = 0
configure:3643: gcc -V >&5
gcc: error: unrecognized command-line option '-V'
gcc: fatal error: no input files
compilation terminated.
configure:3654: $? = 1
configure:3643: gcc -qversion >&5
gcc: error: unrecognized command-line option '-qversion'; did you mean '--version'?
gcc: fatal error: no input files
compilation terminated.
configure:3654: $? = 1
configure:3674: checking whether the C compiler works
configure:3696: gcc    conftest.c  >&5
configure:3700: $? = 0
configure:3748: result: yes
configure:3751: checking for C compiler default output file name
configure:3753: result: a.out
configure:3759: checking for suffix of executables
configure:3766: gcc -o conftest    conftest.c  >&5
configure:3770: $? = 0
configure:3792: result: 
configure:3814: checking whether we are cross compiling
configure:3822: gcc -o conftest    conftest.c  >&5
configure:3826: $? = 0
configure:3833: ./conftest
configure:3837: $? = 0
configure:3852: result: no
configure:3857: checking for suffix of object files
configure:3879: gcc -c   conftest.c >&5
configure:3883: $? = 0
configure:3904: result: o
configure:3908: checking whether we are using the GNU C compiler
configure:3927: gcc -c   conftest.c >&5
configure:3927: $? = 0
configure:3936: result: yes
configure:3945: checking whether gcc accepts -g
configure:3965: gcc -c -g  conftest.c >&5
configure:3965: $? = 0
configure:4006: result: yes
configure:4023: checking for gcc option to accept ISO C89
configure:4086: gcc  -c -g -O2  conftest.c >&5
configure:4086: $? = 0
configure:4099: result: none needed
configure:4119: checking for a sed that does not truncate output
configure:4183: result: /usr/bin/sed
configure:4201: checking for grep that handles long lines and -e
configure:4259: result: /usr/bin/grep
configure:4264: checking for egrep
configure:4326: result: /usr/bin/grep -E
configure:4331: checking for fgrep
configure:4393: result: /usr/bin/grep -F
configure:4428: checking for ld used by gcc
configure:4495: result: /usr/bin/ld
configure:4502: checking if the linker (/usr/bin/ld) is GNU ld
configure:4517: result: yes
configure:4529: checking for BSD- or MS-compatible name lister (nm)
configure:4578: result: /usr/bin/nm -B
configure:4708: checking the name lister (/usr/bin/nm -B) interface
configure:4715: gcc -c -g -O2  conftest.c >&5
configure:4718: /usr/bin/nm -B "conftest.o"
configure:4721: output
0000000000000000 B some_variable
configure:4728: result: BSD nm
configure:4731: checking whether ln -s works
configure:4735: result: yes
configure:4743: checking the maximum length of command line arguments
configure:4873: result: 1572864
configure:4890: checking whether the shell understands some XSI constructs
configure:4900: result: yes
configure:4904: checking whether the shell understands "+="
configure:4910: result: yes
configure:4945: checking how to convert x86_64-unknown-linux-gnu file names to x86_64-unknown-linux-gnu format
configure:4985: result: func_convert_file_noop
configure:4992: checking how to convert x86_64-unknown-linux-gnu file names to toolchain format
configure:5012: result: func_convert_file_noop
configure:5019: checking for /usr/bin/ld option to reload object files
configure:5026: result: -r
configure:5100: checking for objdump
configure:5116: found /usr/bin/objdump
configure:5127: result: objdump
configure:5159: checking how to recognize dependent libraries
configure:5361: result: pass_all
configure:5446: checking for dlltool
configure:5476: result: no
configure:5506: checking how to associate runtime and link libraries
configure:5533: result: printf %s\n
configure:5594: checking for ar
configure:5610: found /usr/bin/ar
configure:5621: result: ar
configure:5658: checking for archiver @FILE support
configure:5675: gcc -c -g -O2  conftest.c >&5
configure:5675: $? = 0
configure:5678: ar cru libconftest.a @conftest.lst >&5
ar: `u' modifier ignored since `D' is the default (see `U')
configure:5681: $? = 0
configure:5686: ar cru libconftest.a @conftest.lst >&5
ar: `u' modifier ignored since `D' is the default (see `U')
ar: conftest.o: No such file or directory
configure:5689: $? = 1
configure:5701: result: @
configure:5759: checking for strip
configure:5775: found /usr/bin/strip
configure:5786: result: strip
configure:5858: checking for ranlib
configure:5874: found /usr/bin/ranlib
configure:5885: result: ranlib
configure:5987: checking command to parse /usr/bin/nm -B output from gcc object
configure:6107: gcc -c -g -O2  conftest.c >&5
configure:6110: $? = 0
configure:6114: /usr/bin/nm -B conftest.o \| sed -n -e 's/^.*[ ]\([ABCDGIRSTW][ABCDGIRSTW]*\)[ ][ ]*\([_A-Za-z][_A-Za-z0-9]*\)$/\1 \2 \2/p' | sed '/ __gnu_lto/d' \> conftest.nm
configure:6117: $? = 0
configure:6183: gcc -o conftest -g -O2   conftest.c conftstm.o >&5
configure:6186: $? = 0
configure:6224: result: ok
configure:6261: checking for sysroot
configure:6291: result: no
configure:6368: gcc -c -g -O2  conftest.c >&5
configure:6371: $? = 0
configure:6547: checking for mt
configure:6563: found /usr/bin/mt
configure:6574: result: mt
configure:6597: checking if mt is a manifest tool
configure:6603: mt '-?'
configure:6611: result: no
configure:7253: checking how to run the C preprocessor
configure:7284: gcc -E  conftest.c
configure:7284: $? = 0
configure:7298: gcc -E  conftest.c
conftest.c:9:10: fatal error: ac_nonexistent.h: No such file or directory
    9 | #include <ac_nonexistent.h>
      |          ^~~~~~~~~~~~~~~~~~
compilation terminated.
configure:7298: $? = 1
configure: failed program was:
| /* confdefs.h */
| #define PACKAGE_NAME "GrADS"
| #define PACKAGE_TARNAME "grads"
| #define PACKAGE_VERSION "2.2.1"
| #define PACKAGE_STRING "GrADS 2.2.1"
| #define PACKAGE_BUGREPORT "jadams21@gmu.edu"
| #define PACKAGE_URL ""
| /* end confdefs.h.  */
| #include <ac_nonexistent.h>
configure:7323: result: gcc -E
configure:7343: gcc -E  conftest.c
configure:7343: $? = 0
configure:7357: gcc -E  conftest.c
conftest.c:9:10: fatal error: ac_nonexistent.h: No such file or directory
    9 | #include <ac_nonexistent.h>
      |          ^~~~~~~~~~~~~~~~~~
compilation terminated.
configure:7357: $? = 1
configure: failed program was:
| /* confdefs.h */
| #define PACKAGE_NAME "GrADS"
| #define PACKAGE_TARNAME "grads"
| #define PACKAGE_VERSION "2.2.1"
| #define PACKAGE_STRING "GrADS 2.2.1"
| #define PACKAGE_BUGREPORT "jadams21@gmu.edu"
| #define PACKAGE_URL ""
| /* end confdefs.h.  */
| #include <ac_nonexistent.h>
configure:7386: checking for ANSI C header files
configure:7406: gcc -c -g -O2  conftest.c >&5
configure:7406: $? = 0
configure:7479: gcc -o conftest -g -O2   conftest.c  >&5
configure:7479: $? = 0
configure:7479: ./conftest
configure:7479: $? = 0
configure:7490: result: yes
configure:7503: checking for sys/types.h
configure:7503: gcc -c -g -O2  conftest.c >&5
configure:7503: $? = 0
configure:7503: result: yes
configure:7503: checking for sys/stat.h
configure:7503: gcc -c -g -O2  conftest.c >&5
configure:7503: $? = 0
configure:7503: result: yes
configure:7503: checking for stdlib.h
configure:7503: gcc -c -g -O2  conftest.c >&5
configure:7503: $? = 0
configure:7503: result: yes
configure:7503: checking for string.h
configure:7503: gcc -c -g -O2  conftest.c >&5
configure:7503: $? = 0
configure:7503: result: yes
configure:7503: checking for memory.h
configure:7503: gcc -c -g -O2  conftest.c >&5
configure:7503: $? = 0
configure:7503: result: yes
configure:7503: checking for strings.h
configure:7503: gcc -c -g -O2  conftest.c >&5
configure:7503: $? = 0
configure:7503: result: yes
configure:7503: checking for inttypes.h
configure:7503: gcc -c -g -O2  conftest.c >&5
configure:7503: $? = 0
configure:7503: result: yes
configure:7503: checking for stdint.h
configure:7503: gcc -c -g -O2  conftest.c >&5
configure:7503: $? = 0
configure:7503: result: yes
configure:7503: checking for unistd.h
configure:7503: gcc -c -g -O2  conftest.c >&5
configure:7503: $? = 0
configure:7503: result: yes
configure:7517: checking for dlfcn.h
configure:7517: gcc -c -g -O2  conftest.c >&5
configure:7517: $? = 0
configure:7517: result: yes
configure:7721: checking for objdir
configure:7736: result: .libs
configure:8007: checking if gcc supports -fno-rtti -fno-exceptions
configure:8025: gcc -c -g -O2  -fno-rtti -fno-exceptions conftest.c >&5
cc1: warning: command-line option '-fno-rtti' is valid for C++/D/ObjC++ but not for C
configure:8029: $? = 0
configure:8042: result: no
configure:8369: checking for gcc option to produce PIC
configure:8376: result: -fPIC -DPIC
configure:8384: checking if gcc PIC flag -fPIC -DPIC works
configure:8402: gcc -c -g -O2  -fPIC -DPIC -DPIC conftest.c >&5
configure:8406: $? = 0
configure:8419: result: yes
configure:8448: checking if gcc static flag -static works
configure:8476: result: yes
configure:8491: checking if gcc supports -c -o file.o
configure:8512: gcc -c -g -O2  -o out/conftest2.o conftest.c >&5
configure:8516: $? = 0
configure:8538: result: yes
configure:8546: checking if gcc supports -c -o file.o
configure:8593: result: yes
configure:8626: checking whether the gcc linker (/usr/bin/ld -m elf_x86_64) supports shared libraries
configure:9779: result: yes
configure:10019: checking dynamic linker characteristics
configure:10530: gcc -o conftest -g -O2   -Wl,-rpath -Wl,/foo conftest.c  >&5
configure:10530: $? = 0
configure:10756: result: GNU/Linux ld.so
configure:10863: checking how to hardcode library paths into programs
configure:10888: result: immediate
configure:10982: checking for shl_load
configure:10982: gcc -o conftest -g -O2   conftest.c  >&5
/usr/bin/ld: /tmp/ccw6gTD9.o: in function `main':
/home/stygian/grads-2.2.1/conftest.c:55: undefined reference to `shl_load'
collect2: error: ld returned 1 exit status
configure:10982: $? = 1
configure: failed program was:
| /* confdefs.h */
| #define PACKAGE_NAME "GrADS"
| #define PACKAGE_TARNAME "grads"
| #define PACKAGE_VERSION "2.2.1"
| #define PACKAGE_STRING "GrADS 2.2.1"
| #define PACKAGE_BUGREPORT "jadams21@gmu.edu"
| #define PACKAGE_URL ""
| #define STDC_HEADERS 1
| #define HAVE_SYS_TYPES_H 1
| #define HAVE_SYS_STAT_H 1
| #define HAVE_STDLIB_H 1
| #define HAVE_STRING_H 1
| #define HAVE_MEMORY_H 1
| #define HAVE_STRINGS_H 1
| #define HAVE_INTTYPES_H 1
| #define HAVE_STDINT_H 1
| #define HAVE_UNISTD_H 1
| #define HAVE_DLFCN_H 1
| #define LT_OBJDIR ".libs/"
| /* end confdefs.h.  */
| /* Define shl_load to an innocuous variant, in case <limits.h> declares shl_load.
|    For example, HP-UX 11i <limits.h> declares gettimeofday.  */
| #define shl_load innocuous_shl_load
| 
| /* System header to define __stub macros and hopefully few prototypes,
|     which can conflict with char shl_load (); below.
|     Prefer <limits.h> to <assert.h> if __STDC__ is defined, since
|     <limits.h> exists even on freestanding compilers.  */
| 
| #ifdef __STDC__
| # include <limits.h>
| #else
| # include <assert.h>
| #endif
| 
| #undef shl_load
| 
| /* Override any GCC internal prototype to avoid an error.
|    Use char because int might match the return type of a GCC
|    builtin and then its argument prototype would still apply.  */
| #ifdef __cplusplus
| extern "C"
| #endif
| char shl_load ();
| /* The GNU C library defines this for functions which it implements
|     to always fail with ENOSYS.  Some functions are actually named
|     something starting with __ and the normal name is an alias.  */
| #if defined __stub_shl_load || defined __stub___shl_load
| choke me
| #endif
| 
| int
| main ()
| {
| return shl_load ();
|   ;
|   return 0;
| }
configure:10982: result: no
configure:10986: checking for shl_load in -ldld
configure:11011: gcc -o conftest -g -O2   conftest.c -ldld   >&5
/usr/bin/ld: cannot find -ldld: No such file or directory
collect2: error: ld returned 1 exit status
configure:11011: $? = 1
configure: failed program was:
| /* confdefs.h */
| #define PACKAGE_NAME "GrADS"
| #define PACKAGE_TARNAME "grads"
| #define PACKAGE_VERSION "2.2.1"
| #define PACKAGE_STRING "GrADS 2.2.1"
| #define PACKAGE_BUGREPORT "jadams21@gmu.edu"
| #define PACKAGE_URL ""
| #define STDC_HEADERS 1
| #define HAVE_SYS_TYPES_H 1
| #define HAVE_SYS_STAT_H 1
| #define HAVE_STDLIB_H 1
| #define HAVE_STRING_H 1
| #define HAVE_MEMORY_H 1
| #define HAVE_STRINGS_H 1
| #define HAVE_INTTYPES_H 1
| #define HAVE_STDINT_H 1
| #define HAVE_UNISTD_H 1
| #define HAVE_DLFCN_H 1
| #define LT_OBJDIR ".libs/"
| /* end confdefs.h.  */
| 
| /* Override any GCC internal prototype to avoid an error.
|    Use char because int might match the return type of a GCC
|    builtin and then its argument prototype would still apply.  */
| #ifdef __cplusplus
| extern "C"
| #endif
| char shl_load ();
| int
| main ()
| {
| return shl_load ();
|   ;
|   return 0;
| }
configure:11020: result: no
configure:11025: checking for dlopen
configure:11025: gcc -o conftest -g -O2   conftest.c  >&5
configure:11025: $? = 0
configure:11025: result: yes
configure:11182: checking whether a program can dlopen itself
configure:11262: gcc -o conftest -g -O2  -DHAVE_DLFCN_H  -Wl,--export-dynamic conftest.c   >&5
configure:11265: $? = 0
configure:11283: result: yes
configure:11288: checking whether a statically linked program can dlopen itself
configure:11368: gcc -o conftest -g -O2  -DHAVE_DLFCN_H  -Wl,--export-dynamic -static conftest.c   >&5
/usr/bin/ld: /tmp/ccgCZQpu.o: in function `main':
/home/stygian/grads-2.2.1/configure:11347: warning: Using 'dlopen' in statically linked applications requires at runtime the shared libraries from the glibc version used for linking
configure:11371: $? = 0
conftest: undefined symbol: _fnord
configure:11389: result: no
configure:11428: checking whether stripping libraries is possible
configure:11433: result: yes
configure:11468: checking if libtool supports shared libraries
configure:11470: result: yes
configure:11473: checking whether to build shared libraries
configure:11494: result: no
configure:11497: checking whether to build static libraries
configure:11501: result: yes
configure:11564: checking for gawk
configure:11591: result: gawk
configure:11714: checking for C compiler version
configure:11723: gcc --version >&5
gcc (Ubuntu 11.4.0-1ubuntu1~22.04) 11.4.0
Copyright (C) 2021 Free Software Foundation, Inc.
This is free software; see the source for copying conditions.  There is NO
warranty; not even for MERCHANTABILITY or FITNESS FOR A PARTICULAR PURPOSE.

configure:11734: $? = 0
configure:11723: gcc -v >&5
Using built-in specs.
COLLECT_GCC=gcc
COLLECT_LTO_WRAPPER=/usr/lib/gcc/x86_64-linux-gnu/11/lto-wrapper
OFFLOAD_TARGET_NAMES=nvptx-none:amdgcn-amdhsa
OFFLOAD_TARGET_DEFAULT=1
Target: x86_64-linux-gnu
Configured with: ../src/configure -v --with-pkgversion='Ubuntu 11.4.0-1ubuntu1~22.04' --with-bugurl=file:///usr/share/doc/gcc-11/README.Bugs --enable-languages=c,ada,c++,go,brig,d,fortran,objc,obj-c++,m2 --prefix=/usr --with-gcc-major-version-only --program-suffix=-11 --program-prefix=x86_64-linux-gnu- --enable-shared --enable-linker-build-id --libexecdir=/usr/lib --without-included-gettext --enable-threads=posix --libdir=/usr/lib --enable-nls --enable-bootstrap --enable-clocale=gnu --enable-libstdcxx-debug --enable-libstdcxx-time=yes --with-default-libstdcxx-abi=new --enable-gnu-unique-object --disable-vtable-verify --enable-plugin --enable-default-pie --with-system-zlib --enable-libphobos-checking=release --with-target-system-zlib=auto --enable-objc-gc=auto --enable-multiarch --disable-werror --enable-cet --with-arch-32=i686 --with-abi=m64 --with-multilib-list=m32,m64,mx32 --enable-multilib --with-tune=generic --enable-offload-targets=nvptx-none=/build/gcc-11-XeT9lY/gcc-11-11.4.0/debian/tmp-nvptx/usr,amdgcn-amdhsa=/build/gcc-11-XeT9lY/gcc-11-11.4.0/debian/tmp-gcn/usr --without-cuda-driver --enable-checking=release --build=x86_64-linux-gnu --host=x86_64-linux-gnu --target=x86_64-linux-gnu --with-build-config=bootstrap-lto-lean --enable-link-serialization=2
Thread model: posix
Supported LTO compression algorithms: zlib zstd
gcc version 11.4.0 (Ubuntu 11.4.0-1ubuntu1~22.04) 
... rest of stderr output deleted ...
configure:11734: $? = 0
configure:11723: gcc -V >&5
gcc: error: unrecognized command-line option '-V'
gcc: fatal error: no input files
compilation terminated.
configure:11734: $? = 1
configure:11723: gcc -qversion >&5
gcc: error: unrecognized command-line option '-qversion'; did you mean '--version'?
gcc: fatal error: no input files
compilation terminated.
configure:11734: $? = 1
configure:11738: checking whether we are using the GNU C compiler
configure:11766: result: yes
configure:11775: checking whether gcc accepts -g
configure:11836: result: yes
configure:11853: checking for gcc option to accept ISO C89
configure:11929: result: none needed
configure:12007: checking for xlc++
configure:12037: result: no
configure:12007: checking for g++
configure:12023: found /usr/bin/g++
configure:12034: result: g++
configure:12061: checking for C++ compiler version
configure:12070: g++ --version >&5
g++ (Ubuntu 11.4.0-1ubuntu1~22.04) 11.4.0
Copyright (C) 2021 Free Software Foundation, Inc.
This is free software; see the source for copying conditions.  There is NO
warranty; not even for MERCHANTABILITY or FITNESS FOR A PARTICULAR PURPOSE.

configure:12081: $? = 0
configure:12070: g++ -v >&5
Using built-in specs.
COLLECT_GCC=g++
COLLECT_LTO_WRAPPER=/usr/lib/gcc/x86_64-linux-gnu/11/lto-wrapper
OFFLOAD_TARGET_NAMES=nvptx-none:amdgcn-amdhsa
OFFLOAD_TARGET_DEFAULT=1
Target: x86_64-linux-gnu
Configured with: ../src/configure -v --with-pkgversion='Ubuntu 11.4.0-1ubuntu1~22.04' --with-bugurl=file:///usr/share/doc/gcc-11/README.Bugs --enable-languages=c,ada,c++,go,brig,d,fortran,objc,obj-c++,m2 --prefix=/usr --with-gcc-major-version-only --program-suffix=-11 --program-prefix=x86_64-linux-gnu- --enable-shared --enable-linker-build-id --libexecdir=/usr/lib --without-included-gettext --enable-threads=posix --libdir=/usr/lib --enable-nls --enable-bootstrap --enable-clocale=gnu --enable-libstdcxx-debug --enable-libstdcxx-time=yes --with-default-libstdcxx-abi=new --enable-gnu-unique-object --disable-vtable-verify --enable-plugin --enable-default-pie --with-system-zlib --enable-libphobos-checking=release --with-target-system-zlib=auto --enable-objc-gc=auto --enable-multiarch --disable-werror --enable-cet --with-arch-32=i686 --with-abi=m64 --with-multilib-list=m32,m64,mx32 --enable-multilib --with-tune=generic --enable-offload-targets=nvptx-none=/build/gcc-11-XeT9lY/gcc-11-11.4.0/debian/tmp-nvptx/usr,amdgcn-amdhsa=/build/gcc-11-XeT9lY/gcc-11-11.4.0/debian/tmp-gcn/usr --without-cuda-driver --enable-checking=release --build=x86_64-linux-gnu --host=x86_64-linux-gnu --target=x86_64-linux-gnu --with-build-config=bootstrap-lto-lean --enable-link-serialization=2
Thread model: posix
Supported LTO compression algorithms: zlib zstd
gcc version 11.4.0 (Ubuntu 11.4.0-1ubuntu1~22.04) 
... rest of stderr output deleted ...
configure:12081: $? = 0
configure:12070: g++ -V >&5
g++: error: unrecognized command-line option '-V'
g++: fatal error: no input files
compilation terminated.
configure:12081: $? = 1
configure:12070: g++ -qversion >&5
g++: error: unrecognized command-line option '-qversion'; did you mean '--version'?
g++: fatal error: no input files
compilation terminated.
configure:12081: $? = 1
configure:12085: checking whether we are using the GNU C++ compiler
configure:12104: g++ -c   conftest.cpp >&5
configure:12104: $? = 0
configure:12113: result: yes
configure:12122: checking whether g++ accepts -g
configure:12142: g++ -c -g  conftest.cpp >&5
configure:12142: $? = 0
configure:12183: result: yes
configure:12224: checking how to run the C++ preprocessor
configure:12251: g++ -E  conftest.cpp
configure:12251: $? = 0
configure:12265: g++ -E  conftest.cpp
conftest.cpp:21:10: fatal error: ac_nonexistent.h: No such file or directory
   21 | #include <ac_nonexistent.h>
      |          ^~~~~~~~~~~~~~~~~~
compilation terminated.
configure:12265: $? = 1
configure: failed program was:
| /* confdefs.h */
| #define PACKAGE_NAME "GrADS"
| #define PACKAGE_TARNAME "grads"
| #define PACKAGE_VERSION "2.2.1"
| #define PACKAGE_STRING "GrADS 2.2.1"
| #define PACKAGE_BUGREPORT "jadams21@gmu.edu"
| #define PACKAGE_URL ""
| #define STDC_HEADERS 1
| #define HAVE_SYS_TYPES_H 1
| #define HAVE_SYS_STAT_H 1
| #define HAVE_STDLIB_H 1
| #define HAVE_STRING_H 1
| #define HAVE_MEMORY_H 1
| #define HAVE_STRINGS_H 1
| #define HAVE_INTTYPES_H 1
| #define HAVE_STDINT_H 1
| #define HAVE_UNISTD_H 1
| #define HAVE_DLFCN_H 1
| #define LT_OBJDIR ".libs/"
| /* end confdefs.h.  */
| #include <ac_nonexistent.h>
configure:12290: result: g++ -E
configure:12310: g++ -E  conftest.cpp
configure:12310: $? = 0
configure:12324: g++ -E  conftest.cpp
conftest.cpp:21:10: fatal error: ac_nonexistent.h: No such file or directory
   21 | #include <ac_nonexistent.h>
      |          ^~~~~~~~~~~~~~~~~~
compilation terminated.
configure:12324: $? = 1
configure: failed program was:
| /* confdefs.h */
| #define PACKAGE_NAME "GrADS"
| #define PACKAGE_TARNAME "grads"
| #define PACKAGE_VERSION "2.2.1"
| #define PACKAGE_STRING "GrADS 2.2.1"
| #define PACKAGE_BUGREPORT "jadams21@gmu.edu"
| #define PACKAGE_URL ""
| #define STDC_HEADERS 1
| #define HAVE_SYS_TYPES_H 1
| #define HAVE_SYS_STAT_H 1
| #define HAVE_STDLIB_H 1
| #define HAVE_STRING_H 1
| #define HAVE_MEMORY_H 1
| #define HAVE_STRINGS_H 1
| #define HAVE_INTTYPES_H 1
| #define HAVE_STDINT_H 1
| #define HAVE_UNISTD_H 1
| #define HAVE_DLFCN_H 1
| #define LT_OBJDIR ".libs/"
| /* end confdefs.h.  */
| #include <ac_nonexistent.h>
configure:12493: checking for ld used by g++
configure:12560: result: /usr/bin/ld -m elf_x86_64
configure:12567: checking if the linker (/usr/bin/ld -m elf_x86_64) is GNU ld
configure:12582: result: yes
configure:12637: checking whether the g++ linker (/usr/bin/ld -m elf_x86_64) supports shared libraries
configure:13642: result: yes
configure:13678: g++ -c -g -O2  conftest.cpp >&5
configure:13681: $? = 0
configure:14201: checking for g++ option to produce PIC
configure:14208: result: -fPIC -DPIC
configure:14216: checking if g++ PIC flag -fPIC -DPIC works
configure:14234: g++ -c -g -O2  -fPIC -DPIC -DPIC conftest.cpp >&5
configure:14238: $? = 0
configure:14251: result: yes
configure:14274: checking if g++ static flag -static works
configure:14302: result: yes
configure:14314: checking if g++ supports -c -o file.o
configure:14335: g++ -c -g -O2  -o out/conftest2.o conftest.cpp >&5
configure:14339: $? = 0
configure:14361: result: yes
configure:14366: checking if g++ supports -c -o file.o
configure:14413: result: yes
configure:14443: checking whether the g++ linker (/usr/bin/ld -m elf_x86_64) supports shared libraries
configure:14479: result: yes
configure:14620: checking dynamic linker characteristics
configure:15291: result: GNU/Linux ld.so
configure:15344: checking how to hardcode library paths into programs
configure:15369: result: immediate
configure:15410: checking whether ln -s works
configure:15414: result: yes
configure:15512: checking for cos in -lm
configure:15537: gcc -o conftest -g -O2 -rdynamic   conftest.c -lm   >&5
conftest.c:30:6: warning: conflicting types for built-in function 'cos'; expected 'double(double)' [-Wbuiltin-declaration-mismatch]
   30 | char cos ();
      |      ^~~
conftest.c:1:1: note: 'cos' is declared in header '<math.h>'
    1 | /* confdefs.h */
configure:15537: $? = 0
configure:15546: result: yes
configure:15559: checking for X
configure:15667: gcc -E  conftest.c
configure:15667: $? = 0
configure:15698: gcc -o conftest -g -O2 -rdynamic   conftest.c -lX11 -lm  >&5
configure:15698: $? = 0
configure:15748: result: libraries , headers 
configure:15847: gcc -o conftest -g -O2 -rdynamic   conftest.c -lm   -lX11 >&5
configure:15847: $? = 0
configure:15945: checking for gethostbyname
configure:15945: gcc -o conftest -g -O2 -rdynamic   conftest.c -lm  >&5
configure:15945: $? = 0
configure:15945: result: yes
configure:16042: checking for connect
configure:16042: gcc -o conftest -g -O2 -rdynamic   conftest.c -lm  >&5
configure:16042: $? = 0
configure:16042: result: yes
configure:16091: checking for remove
configure:16091: gcc -o conftest -g -O2 -rdynamic   conftest.c -lm  >&5
configure:16091: $? = 0
configure:16091: result: yes
configure:16140: checking for shmat
configure:16140: gcc -o conftest -g -O2 -rdynamic   conftest.c -lm  >&5
configure:16140: $? = 0
configure:16140: result: yes
configure:16198: checking for IceConnectionNumber in -lICE
configure:16223: gcc -o conftest -g -O2 -rdynamic   conftest.c -lICE  -lm  >&5
configure:16223: $? = 0
configure:16232: result: yes
configure:16249: checking for ANSI C header files
configure:16353: result: yes
configure:16364: checking malloc.h usability
configure:16364: gcc -c -g -O2 -rdynamic  conftest.c >&5
configure:16364: $? = 0
configure:16364: result: yes
configure:16364: checking malloc.h presence
configure:16364: gcc -E  conftest.c
configure:16364: $? = 0
configure:16364: result: yes
configure:16364: checking for malloc.h
configure:16364: result: yes
configure:16364: checking sys/file.h usability
configure:16364: gcc -c -g -O2 -rdynamic  conftest.c >&5
configure:16364: $? = 0
configure:16364: result: yes
configure:16364: checking sys/file.h presence
configure:16364: gcc -E  conftest.c
configure:16364: $? = 0
configure:16364: result: yes
configure:16364: checking for sys/file.h
configure:16364: result: yes
configure:16364: checking for unistd.h
configure:16364: result: yes
configure:16376: checking for an ANSI C-conforming const
configure:16442: gcc -c -g -O2 -rdynamic  conftest.c >&5
configure:16442: $? = 0
configure:16449: result: yes
configure:16458: checking whether byte ordering is bigendian
configure:16473: gcc -c -g -O2 -rdynamic  conftest.c >&5
conftest.c:29:16: error: unknown type name 'not'
   29 |                not a universal capable compiler
      |                ^~~
conftest.c:29:22: error: expected '=', ',', ';', 'asm' or '__attribute__' before 'universal'
   29 |                not a universal capable compiler
      |                      ^~~~~~~~~
conftest.c:29:22: error: unknown type name 'universal'
configure:16473: $? = 1
configure: failed program was:
| /* confdefs.h */
| #define PACKAGE_NAME "GrADS"
| #define PACKAGE_TARNAME "grads"
| #define PACKAGE_VERSION "2.2.1"
| #define PACKAGE_STRING "GrADS 2.2.1"
| #define PACKAGE_BUGREPORT "jadams21@gmu.edu"
| #define PACKAGE_URL ""
| #define STDC_HEADERS 1
| #define HAVE_SYS_TYPES_H 1
| #define HAVE_SYS_STAT_H 1
| #define HAVE_STDLIB_H 1
| #define HAVE_STRING_H 1
| #define HAVE_MEMORY_H 1
| #define HAVE_STRINGS_H 1
| #define HAVE_INTTYPES_H 1
| #define HAVE_STDINT_H 1
| #define HAVE_UNISTD_H 1
| #define HAVE_DLFCN_H 1
| #define LT_OBJDIR ".libs/"
| #define GRADS_CRAY 0
| #define GRADS_HP64 0
| #define HAVE_LIBM 1
| #define STDC_HEADERS 1
| #define HAVE_MALLOC_H 1
| #define HAVE_SYS_FILE_H 1
| #define HAVE_UNISTD_H 1
| /* end confdefs.h.  */
| #ifndef __APPLE_CC__
| 	       not a universal capable compiler
| 	     #endif
| 	     typedef int dummy;
| 
configure:16518: gcc -c -g -O2 -rdynamic  conftest.c >&5
configure:16518: $? = 0
configure:16536: gcc -c -g -O2 -rdynamic  conftest.c >&5
conftest.c: In function 'main':
conftest.c:35:18: error: unknown type name 'not'; did you mean 'ino_t'?
   35 |                  not big endian
      |                  ^~~
      |                  ino_t
conftest.c:35:26: error: expected '=', ',', ';', 'asm' or '__attribute__' before 'endian'
   35 |                  not big endian
      |                          ^~~~~~
configure:16536: $? = 1
configure: failed program was:
| /* confdefs.h */
| #define PACKAGE_NAME "GrADS"
| #define PACKAGE_TARNAME "grads"
| #define PACKAGE_VERSION "2.2.1"
| #define PACKAGE_STRING "GrADS 2.2.1"
| #define PACKAGE_BUGREPORT "jadams21@gmu.edu"
| #define PACKAGE_URL ""
| #define STDC_HEADERS 1
| #define HAVE_SYS_TYPES_H 1
| #define HAVE_SYS_STAT_H 1
| #define HAVE_STDLIB_H 1
| #define HAVE_STRING_H 1
| #define HAVE_MEMORY_H 1
| #define HAVE_STRINGS_H 1
| #define HAVE_INTTYPES_H 1
| #define HAVE_STDINT_H 1
| #define HAVE_UNISTD_H 1
| #define HAVE_DLFCN_H 1
| #define LT_OBJDIR ".libs/"
| #define GRADS_CRAY 0
| #define GRADS_HP64 0
| #define HAVE_LIBM 1
| #define STDC_HEADERS 1
| #define HAVE_MALLOC_H 1
| #define HAVE_SYS_FILE_H 1
| #define HAVE_UNISTD_H 1
| /* end confdefs.h.  */
| #include <sys/types.h>
| 		#include <sys/param.h>
| 
| int
| main ()
| {
| #if BYTE_ORDER != BIG_ENDIAN
| 		 not big endian
| 		#endif
| 
|   ;
|   return 0;
| }
configure:16664: result: no
configure:16692: checking for off_t
configure:16692: gcc -c -g -O2 -rdynamic  conftest.c >&5
configure:16692: $? = 0
configure:16692: gcc -c -g -O2 -rdynamic  conftest.c >&5
conftest.c: In function 'main':
conftest.c:65:20: error: expected expression before ')' token
   65 | if (sizeof ((off_t)))
      |                    ^
configure:16692: $? = 1
configure: failed program was:
| /* confdefs.h */
| #define PACKAGE_NAME "GrADS"
| #define PACKAGE_TARNAME "grads"
| #define PACKAGE_VERSION "2.2.1"
| #define PACKAGE_STRING "GrADS 2.2.1"
| #define PACKAGE_BUGREPORT "jadams21@gmu.edu"
| #define PACKAGE_URL ""
| #define STDC_HEADERS 1
| #define HAVE_SYS_TYPES_H 1
| #define HAVE_SYS_STAT_H 1
| #define HAVE_STDLIB_H 1
| #define HAVE_STRING_H 1
| #define HAVE_MEMORY_H 1
| #define HAVE_STRINGS_H 1
| #define HAVE_INTTYPES_H 1
| #define HAVE_STDINT_H 1
| #define HAVE_UNISTD_H 1
| #define HAVE_DLFCN_H 1
| #define LT_OBJDIR ".libs/"
| #define GRADS_CRAY 0
| #define GRADS_HP64 0
| #define HAVE_LIBM 1
| #define STDC_HEADERS 1
| #define HAVE_MALLOC_H 1
| #define HAVE_SYS_FILE_H 1
| #define HAVE_UNISTD_H 1
| #define BYTEORDER 0
| /* end confdefs.h.  */
| #include <stdio.h>
| #ifdef HAVE_SYS_TYPES_H
| # include <sys/types.h>
| #endif
| #ifdef HAVE_SYS_STAT_H
| # include <sys/stat.h>
| #endif
| #ifdef STDC_HEADERS
| # include <stdlib.h>
| # include <stddef.h>
| #else
| # ifdef HAVE_STDLIB_H
| #  include <stdlib.h>
| # endif
| #endif
| #ifdef HAVE_STRING_H
| # if !defined STDC_HEADERS && defined HAVE_MEMORY_H
| #  include <memory.h>
| # endif
| # include <string.h>
| #endif
| #ifdef HAVE_STRINGS_H
| # include <strings.h>
| #endif
| #ifdef HAVE_INTTYPES_H
| # include <inttypes.h>
| #endif
| #ifdef HAVE_STDINT_H
| # include <stdint.h>
| #endif
| #ifdef HAVE_UNISTD_H
| # include <unistd.h>
| #endif
| int
| main ()
| {
| if (sizeof ((off_t)))
| 	    return 0;
|   ;
|   return 0;
| }
configure:16692: result: yes
configure:16710: checking for special C compiler options needed for large files
configure:16755: result: no
configure:16761: checking for _FILE_OFFSET_BITS value needed for large files
configure:16786: gcc -c -g -O2 -rdynamic  conftest.c >&5
configure:16786: $? = 0
configure:16818: result: no
configure:16903: checking for _LARGEFILE_SOURCE value needed for large files
configure:16922: gcc -o conftest -g -O2 -rdynamic   conftest.c -lm  >&5
configure:16922: $? = 0
configure:16950: result: no
configure:16988: checking for supplibs directory
configure:16992: result: /home/stygian/grads-2.2.1/supplibs
configure:17106: checking readline/readline.h usability
configure:17106: gcc -c -g -O2 -rdynamic -I/home/stygian/grads-2.2.1/supplibs/include  conftest.c >&5
configure:17106: $? = 0
configure:17106: result: yes
configure:17106: checking readline/readline.h presence
configure:17106: gcc -E -I/home/stygian/grads-2.2.1/supplibs/include  conftest.c
configure:17106: $? = 0
configure:17106: result: yes
configure:17106: checking for readline/readline.h
configure:17106: result: yes
configure:17108: checking readline/history.h usability
configure:17108: gcc -c -g -O2 -rdynamic -I/home/stygian/grads-2.2.1/supplibs/include  conftest.c >&5
configure:17108: $? = 0
configure:17108: result: yes
configure:17108: checking readline/history.h presence
configure:17108: gcc -E -I/home/stygian/grads-2.2.1/supplibs/include  conftest.c
configure:17108: $? = 0
configure:17108: result: yes
configure:17108: checking for readline/history.h
configure:17108: result: yes
configure:17110: checking for tgetent in -lreadline
configure:17135: gcc -o conftest -g -O2 -rdynamic -I/home/stygian/grads-2.2.1/supplibs/include  -L/home/stygian/grads-2.2.1/supplibs/lib  conftest.c -lreadline  -lm   >&5
/usr/bin/ld: /tmp/cc3UuG7e.o: in function `main':
/home/stygian/grads-2.2.1/conftest.c:41: undefined reference to `tgetent'
collect2: error: ld returned 1 exit status
configure:17135: $? = 1
configure: failed program was:
| /* confdefs.h */
| #define PACKAGE_NAME "GrADS"
| #define PACKAGE_TARNAME "grads"
| #define PACKAGE_VERSION "2.2.1"
| #define PACKAGE_STRING "GrADS 2.2.1"
| #define PACKAGE_BUGREPORT "jadams21@gmu.edu"
| #define PACKAGE_URL ""
| #define STDC_HEADERS 1
| #define HAVE_SYS_TYPES_H 1
| #define HAVE_SYS_STAT_H 1
| #define HAVE_STDLIB_H 1
| #define HAVE_STRING_H 1
| #define HAVE_MEMORY_H 1
| #define HAVE_STRINGS_H 1
| #define HAVE_INTTYPES_H 1
| #define HAVE_STDINT_H 1
| #define HAVE_UNISTD_H 1
| #define HAVE_DLFCN_H 1
| #define LT_OBJDIR ".libs/"
| #define GRADS_CRAY 0
| #define GRADS_HP64 0
| #define HAVE_LIBM 1
| #define STDC_HEADERS 1
| #define HAVE_MALLOC_H 1
| #define HAVE_SYS_FILE_H 1
| #define HAVE_UNISTD_H 1
| #define BYTEORDER 0
| #define HAVE_FSEEKO 1
| /* end confdefs.h.  */
| 
| /* Override any GCC internal prototype to avoid an error.
|    Use char because int might match the return type of a GCC
|    builtin and then its argument prototype would still apply.  */
| #ifdef __cplusplus
| extern "C"
| #endif
| char tgetent ();
| int
| main ()
| {
| return tgetent ();
|   ;
|   return 0;
| }
configure:17144: result: no
configure:17157: checking for tgetent in -lncurses
configure:17182: gcc -o conftest -g -O2 -rdynamic -I/home/stygian/grads-2.2.1/supplibs/include  -L/home/stygian/grads-2.2.1/supplibs/lib  conftest.c -lncurses  -lm   >&5
configure:17182: $? = 0
configure:17191: result: yes
configure:17397: checking geotiff.h usability
configure:17397: gcc -c -g -O2 -rdynamic -I/home/stygian/grads-2.2.1/supplibs/include  conftest.c >&5
configure:17397: $? = 0
configure:17397: result: yes
configure:17397: checking geotiff.h presence
configure:17397: gcc -E -I/home/stygian/grads-2.2.1/supplibs/include  conftest.c
configure:17397: $? = 0
configure:17397: result: yes
configure:17397: checking for geotiff.h
configure:17397: result: yes
configure:17399: checking geotiffio.h usability
configure:17399: gcc -c -g -O2 -rdynamic -I/home/stygian/grads-2.2.1/supplibs/include  conftest.c >&5
configure:17399: $? = 0
configure:17399: result: yes
configure:17399: checking geotiffio.h presence
configure:17399: gcc -E -I/home/stygian/grads-2.2.1/supplibs/include  conftest.c
configure:17399: $? = 0
configure:17399: result: yes
configure:17399: checking for geotiffio.h
configure:17399: result: yes
configure:17401: checking xtiffio.h usability
configure:17401: gcc -c -g -O2 -rdynamic -I/home/stygian/grads-2.2.1/supplibs/include  conftest.c >&5
configure:17401: $? = 0
configure:17401: result: yes
configure:17401: checking xtiffio.h presence
configure:17401: gcc -E -I/home/stygian/grads-2.2.1/supplibs/include  conftest.c
configure:17401: $? = 0
configure:17401: result: yes
configure:17401: checking for xtiffio.h
configure:17401: result: yes
configure:17403: checking for main in -ltiff
configure:17422: gcc -o conftest -g -O2 -rdynamic -I/home/stygian/grads-2.2.1/supplibs/include  -L/home/stygian/grads-2.2.1/supplibs/lib -ltiff conftest.c -ltiff  -lm   >&5
configure:17422: $? = 0
configure:17431: result: yes
configure:17434: checking for main in -lgeotiff
configure:17453: gcc -o conftest -g -O2 -rdynamic -I/home/stygian/grads-2.2.1/supplibs/include  -L/home/stygian/grads-2.2.1/supplibs/lib -ltiff conftest.c -lgeotiff  -lm   >&5
configure:17453: $? = 0
configure:17462: result: yes
configure:17959: checking shapefil.h usability
configure:17959: gcc -c -g -O2 -rdynamic -I/home/stygian/grads-2.2.1/supplibs/include  conftest.c >&5
configure:17959: $? = 0
configure:17959: result: yes
configure:17959: checking shapefil.h presence
configure:17959: gcc -E -I/home/stygian/grads-2.2.1/supplibs/include  conftest.c
configure:17959: $? = 0
configure:17959: result: yes
configure:17959: checking for shapefil.h
configure:17959: result: yes
configure:17961: checking for main in -lshp
configure:17980: gcc -o conftest -g -O2 -rdynamic -I/home/stygian/grads-2.2.1/supplibs/include  -L/home/stygian/grads-2.2.1/supplibs/lib  conftest.c -lshp  -lm   >&5
configure:17980: $? = 0
configure:17989: result: yes
configure:18108: checking for main in -lpng15
configure:18127: gcc -o conftest -g -O2 -rdynamic -I/home/stygian/grads-2.2.1/supplibs/include  -L/home/stygian/grads-2.2.1/supplibs/lib  conftest.c -lpng15  -lm   >&5
configure:18127: $? = 0
configure:18136: result: yes
configure:18166: checking zlib.h usability
configure:18166: gcc -c -g -O2 -rdynamic -I/home/stygian/grads-2.2.1/supplibs/include  conftest.c >&5
configure:18166: $? = 0
configure:18166: result: yes
configure:18166: checking zlib.h presence
configure:18166: gcc -E -I/home/stygian/grads-2.2.1/supplibs/include  conftest.c
configure:18166: $? = 0
configure:18166: result: yes
configure:18166: checking for zlib.h
configure:18166: result: yes
configure:18168: checking for compress in -lz
configure:18193: gcc -o conftest -g -O2 -rdynamic -I/home/stygian/grads-2.2.1/supplibs/include  -L/home/stygian/grads-2.2.1/supplibs/lib  conftest.c -lz  -lm   >&5
configure:18193: $? = 0
configure:18202: result: yes
configure:18236: checking for main in -ljpeg
configure:18255: gcc -o conftest -g -O2 -rdynamic -I/home/stygian/grads-2.2.1/supplibs/include  -L/home/stygian/grads-2.2.1/supplibs/lib  conftest.c -ljpeg  -lm   >&5
configure:18255: $? = 0
configure:18264: result: yes
configure:18298: checking jasper.h usability
configure:18298: gcc -c -g -O2 -rdynamic -I/home/stygian/grads-2.2.1/supplibs/include -I/home/stygian/grads-2.2.1/supplibs/include/jasper  conftest.c >&5
In file included from /home/stygian/grads-2.2.1/supplibs/include/jasper/jasper.h:65,
                 from conftest.c:66:
/home/stygian/grads-2.2.1/supplibs/include/jasper/jas_config.h:113: warning: "PACKAGE_BUGREPORT" redefined
  113 | #define PACKAGE_BUGREPORT ""
      | 
conftest.c:6: note: this is the location of the previous definition
    6 | #define PACKAGE_BUGREPORT "jadams21@gmu.edu"
      | 
In file included from /home/stygian/grads-2.2.1/supplibs/include/jasper/jasper.h:65,
                 from conftest.c:66:
/home/stygian/grads-2.2.1/supplibs/include/jasper/jas_config.h:116: warning: "PACKAGE_NAME" redefined
  116 | #define PACKAGE_NAME "jasper"
      | 
conftest.c:2: note: this is the location of the previous definition
    2 | #define PACKAGE_NAME "GrADS"
      | 
In file included from /home/stygian/grads-2.2.1/supplibs/include/jasper/jasper.h:65,
                 from conftest.c:66:
/home/stygian/grads-2.2.1/supplibs/include/jasper/jas_config.h:119: warning: "PACKAGE_STRING" redefined
  119 | #define PACKAGE_STRING "jasper 1.900.1"
      | 
conftest.c:5: note: this is the location of the previous definition
    5 | #define PACKAGE_STRING "GrADS 2.2.1"
      | 
In file included from /home/stygian/grads-2.2.1/supplibs/include/jasper/jasper.h:65,
                 from conftest.c:66:
/home/stygian/grads-2.2.1/supplibs/include/jasper/jas_config.h:122: warning: "PACKAGE_TARNAME" redefined
  122 | #define PACKAGE_TARNAME "jasper"
      | 
conftest.c:3: note: this is the location of the previous definition
    3 | #define PACKAGE_TARNAME "grads"
      | 
In file included from /home/stygian/grads-2.2.1/supplibs/include/jasper/jasper.h:65,
                 from conftest.c:66:
/home/stygian/grads-2.2.1/supplibs/include/jasper/jas_config.h:128: warning: "PACKAGE_VERSION" redefined
  128 | #define PACKAGE_VERSION "1.900.1"
      | 
conftest.c:4: note: this is the location of the previous definition
    4 | #define PACKAGE_VERSION "2.2.1"
      | 
configure:18298: $? = 0
configure:18298: result: yes
configure:18298: checking jasper.h presence
configure:18298: gcc -E -I/home/stygian/grads-2.2.1/supplibs/include -I/home/stygian/grads-2.2.1/supplibs/include/jasper  conftest.c
In file included from /home/stygian/grads-2.2.1/supplibs/include/jasper/jasper.h:65,
                 from conftest.c:33:
/home/stygian/grads-2.2.1/supplibs/include/jasper/jas_config.h:113: warning: "PACKAGE_BUGREPORT" redefined
  113 | #define PACKAGE_BUGREPORT ""
      | 
conftest.c:6: note: this is the location of the previous definition
    6 | #define PACKAGE_BUGREPORT "jadams21@gmu.edu"
      | 
In file included from /home/stygian/grads-2.2.1/supplibs/include/jasper/jasper.h:65,
                 from conftest.c:33:
/home/stygian/grads-2.2.1/supplibs/include/jasper/jas_config.h:116: warning: "PACKAGE_NAME" redefined
  116 | #define PACKAGE_NAME "jasper"
      | 
conftest.c:2: note: this is the location of the previous definition
    2 | #define PACKAGE_NAME "GrADS"
      | 
In file included from /home/stygian/grads-2.2.1/supplibs/include/jasper/jasper.h:65,
                 from conftest.c:33:
/home/stygian/grads-2.2.1/supplibs/include/jasper/jas_config.h:119: warning: "PACKAGE_STRING" redefined
  119 | #define PACKAGE_STRING "jasper 1.900.1"
      | 
conftest.c:5: note: this is the location of the previous definition
    5 | #define PACKAGE_STRING "GrADS 2.2.1"
      | 
In file included from /home/stygian/grads-2.2.1/supplibs/include/jasper/jasper.h:65,
                 from conftest.c:33:
/home/stygian/grads-2.2.1/supplibs/include/jasper/jas_config.h:122: warning: "PACKAGE_TARNAME" redefined
  122 | #define PACKAGE_TARNAME "jasper"
      | 
conftest.c:3: note: this is the location of the previous definition
    3 | #define PACKAGE_TARNAME "grads"
      | 
In file included from /home/stygian/grads-2.2.1/supplibs/include/jasper/jasper.h:65,
                 from conftest.c:33:
/home/stygian/grads-2.2.1/supplibs/include/jasper/jas_config.h:128: warning: "PACKAGE_VERSION" redefined
  128 | #define PACKAGE_VERSION "1.900.1"
      | 
conftest.c:4: note: this is the location of the previous definition
    4 | #define PACKAGE_VERSION "2.2.1"
      | 
configure:18298: $? = 0
configure:18298: result: yes
configure:18298: checking for jasper.h
configure:18298: result: yes
configure:18300: checking for main in -ljasper
configure:18319: gcc -o conftest -g -O2 -rdynamic -I/home/stygian/grads-2.2.1/supplibs/include -I/home/stygian/grads-2.2.1/supplibs/include/jasper  -L/home/stygian/grads-2.2.1/supplibs/lib  conftest.c -ljasper  -lm   >&5
configure:18319: $? = 0
configure:18328: result: yes
configure:18367: checking for main in -lxml2
configure:18386: gcc -o conftest -g -O2 -rdynamic -I/home/stygian/grads-2.2.1/supplibs/include -I/home/stygian/grads-2.2.1/supplibs/include/libxml2  -L/home/stygian/grads-2.2.1/supplibs/lib  conftest.c -lxml2  -lm  -lz >&5
configure:18386: $? = 0
configure:18395: result: yes
configure:18426: checking for main in -lcurl
configure:18445: gcc -o conftest -g -O2 -rdynamic -I/home/stygian/grads-2.2.1/supplibs/include  -L/home/stygian/grads-2.2.1/supplibs/lib  conftest.c -lcurl  -lm   >&5
configure:18445: $? = 0
configure:18454: result: yes
configure:18493: checking gd.h usability
configure:18493: gcc -c -g -O2 -rdynamic -I/home/stygian/grads-2.2.1/supplibs/include  conftest.c >&5
configure:18493: $? = 0
configure:18493: result: yes
configure:18493: checking gd.h presence
configure:18493: gcc -E -I/home/stygian/grads-2.2.1/supplibs/include  conftest.c
configure:18493: $? = 0
configure:18493: result: yes
configure:18493: checking for gd.h
configure:18493: result: yes
configure:18495: checking for gdImageCreate in -lgd
configure:18520: gcc -o conftest -g -O2 -rdynamic -I/home/stygian/grads-2.2.1/supplibs/include  -L/home/stygian/grads-2.2.1/supplibs/lib  conftest.c -lgd  -lm   >&5
configure:18520: $? = 0
configure:18529: result: yes
configure:18532: checking for gdImageJpeg in -lgd
configure:18557: gcc -o conftest -g -O2 -rdynamic -I/home/stygian/grads-2.2.1/supplibs/include  -L/home/stygian/grads-2.2.1/supplibs/lib  conftest.c -lgd  -lm   >&5
configure:18557: $? = 0
configure:18566: result: yes
configure:18985: checking grib2.h usability
configure:18985: gcc -c -g -O2 -rdynamic -I/home/stygian/grads-2.2.1/supplibs/include  conftest.c >&5
configure:18985: $? = 0
configure:18985: result: yes
configure:18985: checking grib2.h presence
configure:18985: gcc -E -I/home/stygian/grads-2.2.1/supplibs/include  conftest.c
configure:18985: $? = 0
configure:18985: result: yes
configure:18985: checking for grib2.h
configure:18985: result: yes
configure:18987: checking for main in -lgrib2c
configure:19006: gcc -o conftest -g -O2 -rdynamic -I/home/stygian/grads-2.2.1/supplibs/include  -L/home/stygian/grads-2.2.1/supplibs/lib  conftest.c -lgrib2c  -lm   >&5
configure:19006: $? = 0
configure:19015: result: yes
configure:19284: checking cairo.h usability
configure:19284: gcc -c -g -O2 -rdynamic -I/home/stygian/grads-2.2.1/supplibs/include -I/home/stygian/grads-2.2.1/supplibs/include/cairo -I/home/stygian/grads-2.2.1/supplibs/include/freetype2  conftest.c >&5
configure:19284: $? = 0
configure:19284: result: yes
configure:19284: checking cairo.h presence
configure:19284: gcc -E -I/home/stygian/grads-2.2.1/supplibs/include -I/home/stygian/grads-2.2.1/supplibs/include/cairo -I/home/stygian/grads-2.2.1/supplibs/include/freetype2  conftest.c
configure:19284: $? = 0
configure:19284: result: yes
configure:19284: checking for cairo.h
configure:19284: result: yes
configure:19286: checking cairo-xlib.h usability
configure:19286: gcc -c -g -O2 -rdynamic -I/home/stygian/grads-2.2.1/supplibs/include -I/home/stygian/grads-2.2.1/supplibs/include/cairo -I/home/stygian/grads-2.2.1/supplibs/include/freetype2  conftest.c >&5
configure:19286: $? = 0
configure:19286: result: yes
configure:19286: checking cairo-xlib.h presence
configure:19286: gcc -E -I/home/stygian/grads-2.2.1/supplibs/include -I/home/stygian/grads-2.2.1/supplibs/include/cairo -I/home/stygian/grads-2.2.1/supplibs/include/freetype2  conftest.c
configure:19286: $? = 0
configure:19286: result: yes
configure:19286: checking for cairo-xlib.h
configure:19286: result: yes
configure:19288: checking ft2build.h usability
configure:19288: gcc -c -g -O2 -rdynamic -I/home/stygian/grads-2.2.1/supplibs/include -I/home/stygian/grads-2.2.1/supplibs/include/cairo -I/home/stygian/grads-2.2.1/supplibs/include/freetype2  conftest.c >&5
configure:19288: $? = 0
configure:19288: result: yes
configure:19288: checking ft2build.h presence
configure:19288: gcc -E -I/home/stygian/grads-2.2.1/supplibs/include -I/home/stygian/grads-2.2.1/supplibs/include/cairo -I/home/stygian/grads-2.2.1/supplibs/include/freetype2  conftest.c
configure:19288: $? = 0
configure:19288: result: yes
configure:19288: checking for ft2build.h
configure:19288: result: yes
configure:19290: checking for main in -lpixman-1
configure:19309: gcc -o conftest -g -O2 -rdynamic -I/home/stygian/grads-2.2.1/supplibs/include -I/home/stygian/grads-2.2.1/supplibs/include/cairo -I/home/stygian/grads-2.2.1/supplibs/include/freetype2  -L/home/stygian/grads-2.2.1/supplibs/lib  conftest.c -lpixman-1  -lm   >&5
configure:19309: $? = 0
configure:19318: result: yes
configure:19321: checking for main in -lfontconfig
configure:19340: gcc -o conftest -g -O2 -rdynamic -I/home/stygian/grads-2.2.1/supplibs/include -I/home/stygian/grads-2.2.1/supplibs/include/cairo -I/home/stygian/grads-2.2.1/supplibs/include/freetype2  -L/home/stygian/grads-2.2.1/supplibs/lib  conftest.c -lfontconfig  -lm   >&5
configure:19340: $? = 0
configure:19349: result: yes
configure:19352: checking for main in -lfreetype
configure:19371: gcc -o conftest -g -O2 -rdynamic -I/home/stygian/grads-2.2.1/supplibs/include -I/home/stygian/grads-2.2.1/supplibs/include/cairo -I/home/stygian/grads-2.2.1/supplibs/include/freetype2  -L/home/stygian/grads-2.2.1/supplibs/lib  conftest.c -lfreetype  -lm   >&5
configure:19371: $? = 0
configure:19380: result: yes
configure:19383: checking for main in -lXrender
configure:19402: gcc -o conftest -g -O2 -rdynamic -I/home/stygian/grads-2.2.1/supplibs/include -I/home/stygian/grads-2.2.1/supplibs/include/cairo -I/home/stygian/grads-2.2.1/supplibs/include/freetype2  -L/home/stygian/grads-2.2.1/supplibs/lib  conftest.c -lXrender  -lm   >&5
configure:19402: $? = 0
configure:19411: result: yes
configure:19414: checking for main in -lcairo
configure:19433: gcc -o conftest -g -O2 -rdynamic -I/home/stygian/grads-2.2.1/supplibs/include -I/home/stygian/grads-2.2.1/supplibs/include/cairo -I/home/stygian/grads-2.2.1/supplibs/include/freetype2  -L/home/stygian/grads-2.2.1/supplibs/lib  conftest.c -lcairo  -lm   >&5
configure:19433: $? = 0
configure:19442: result: yes
configure:19639: checking hdf5.h usability
configure:19639: gcc -c -g -O2 -rdynamic -I/home/stygian/grads-2.2.1/supplibs/include  conftest.c >&5
configure:19639: $? = 0
configure:19639: result: yes
configure:19639: checking hdf5.h presence
configure:19639: gcc -E -I/home/stygian/grads-2.2.1/supplibs/include  conftest.c
configure:19639: $? = 0
configure:19639: result: yes
configure:19639: checking for hdf5.h
configure:19639: result: yes
configure:19641: checking for main in -lhdf5
configure:19660: gcc -o conftest -g -O2 -rdynamic -I/home/stygian/grads-2.2.1/supplibs/include  -L/home/stygian/grads-2.2.1/supplibs/lib  conftest.c -lhdf5  -lm   >&5
configure:19660: $? = 0
configure:19669: result: yes
configure:19672: checking for main in -lhdf5_hl
configure:19691: gcc -o conftest -g -O2 -rdynamic -I/home/stygian/grads-2.2.1/supplibs/include  -L/home/stygian/grads-2.2.1/supplibs/lib  conftest.c -lhdf5_hl  -lm   >&5
configure:19691: $? = 0
configure:19700: result: yes
configure:20230: checking udunits.h usability
configure:20230: gcc -c -g -O2 -rdynamic -I/home/stygian/grads-2.2.1/supplibs/include  conftest.c >&5
configure:20230: $? = 0
configure:20230: result: yes
configure:20230: checking udunits.h presence
configure:20230: gcc -E -I/home/stygian/grads-2.2.1/supplibs/include  conftest.c
configure:20230: $? = 0
configure:20230: result: yes
configure:20230: checking for udunits.h
configure:20230: result: yes
configure:20232: checking for utInit in -ludunits
configure:20257: gcc -o conftest -g -O2 -rdynamic -I/home/stygian/grads-2.2.1/supplibs/include  -L/home/stygian/grads-2.2.1/supplibs/lib  conftest.c -ludunits  -lm   >&5
configure:20257: $? = 0
configure:20266: result: yes
configure:20644: checking mfhdf.h usability
configure:20644: gcc -c -g -O2 -rdynamic -I/home/stygian/grads-2.2.1/supplibs/include  conftest.c >&5
configure:20644: $? = 0
configure:20644: result: yes
configure:20644: checking mfhdf.h presence
configure:20644: gcc -E -I/home/stygian/grads-2.2.1/supplibs/include  conftest.c
configure:20644: $? = 0
configure:20644: result: yes
configure:20644: checking for mfhdf.h
configure:20644: result: yes
configure:20646: checking for main in -ldf
configure:20665: gcc -o conftest -g -O2 -rdynamic -I/home/stygian/grads-2.2.1/supplibs/include  -L/home/stygian/grads-2.2.1/supplibs/lib  conftest.c -ldf  -lm   >&5
configure:20665: $? = 0
configure:20674: result: yes
configure:20677: checking for main in -lmfhdf
configure:20696: gcc -o conftest -g -O2 -rdynamic -I/home/stygian/grads-2.2.1/supplibs/include  -L/home/stygian/grads-2.2.1/supplibs/lib  conftest.c -lmfhdf  -lm   >&5
configure:20696: $? = 0
configure:20705: result: yes
configure:21734: checking netcdf.h usability
configure:21734: gcc -c -g -O2 -rdynamic -I/home/stygian/grads-2.2.1/supplibs/include  conftest.c >&5
configure:21734: $? = 0
configure:21734: result: yes
configure:21734: checking netcdf.h presence
configure:21734: gcc -E -I/home/stygian/grads-2.2.1/supplibs/include  conftest.c
configure:21734: $? = 0
configure:21734: result: yes
configure:21734: checking for netcdf.h
configure:21734: result: yes
configure:21736: checking for main in -lnetcdf
configure:21755: gcc -o conftest -g -O2 -rdynamic -I/home/stygian/grads-2.2.1/supplibs/include  -L/home/stygian/grads-2.2.1/supplibs/lib  conftest.c -lnetcdf  -lm   >&5
configure:21755: $? = 0
configure:21764: result: yes
configure:22582: checking for main in -lXext
configure:22601: gcc -o conftest -g -O2 -rdynamic -I/home/stygian/grads-2.2.1/supplibs/include -I/home/stygian/grads-2.2.1/supplibs/include/X11/neXtaw -I/home/stygian/grads-2.2.1/supplibs/include/libsx  -L/home/stygian/grads-2.2.1/supplibs/lib  conftest.c -lXext  -lm    -lSM -lICE -lX11  >&5
configure:22601: $? = 0
configure:22610: result: yes
configure:22616: checking for main in -lXt
configure:22635: gcc -o conftest -g -O2 -rdynamic -I/home/stygian/grads-2.2.1/supplibs/include -I/home/stygian/grads-2.2.1/supplibs/include/X11/neXtaw -I/home/stygian/grads-2.2.1/supplibs/include/libsx  -L/home/stygian/grads-2.2.1/supplibs/lib  conftest.c -lXt  -lm    -lSM -lICE -lX11  >&5
configure:22635: $? = 0
configure:22644: result: yes
configure:22647: checking for main in -lXmu
configure:22666: gcc -o conftest -g -O2 -rdynamic -I/home/stygian/grads-2.2.1/supplibs/include -I/home/stygian/grads-2.2.1/supplibs/include/X11/neXtaw -I/home/stygian/grads-2.2.1/supplibs/include/libsx  -L/home/stygian/grads-2.2.1/supplibs/lib  conftest.c -lXmu  -lm    -lSM -lICE -lX11  >&5
configure:22666: $? = 0
configure:22675: result: yes
configure:22678: checking for main in -lXpm
configure:22697: gcc -o conftest -g -O2 -rdynamic -I/home/stygian/grads-2.2.1/supplibs/include -I/home/stygian/grads-2.2.1/supplibs/include/X11/neXtaw -I/home/stygian/grads-2.2.1/supplibs/include/libsx  -L/home/stygian/grads-2.2.1/supplibs/lib  conftest.c -lXpm  -lm    -lSM -lICE -lX11  >&5
configure:22697: $? = 0
configure:22706: result: yes
configure:22709: checking for main in -lXaw
configure:22728: gcc -o conftest -g -O2 -rdynamic -I/home/stygian/grads-2.2.1/supplibs/include -I/home/stygian/grads-2.2.1/supplibs/include/X11/neXtaw -I/home/stygian/grads-2.2.1/supplibs/include/libsx  -L/home/stygian/grads-2.2.1/supplibs/lib  conftest.c -lXaw  -lm    -lSM -lICE -lX11  >&5
configure:22728: $? = 0
configure:22737: result: yes
configure:22740: checking for main in -lsx
configure:22759: gcc -o conftest -g -O2 -rdynamic -I/home/stygian/grads-2.2.1/supplibs/include -I/home/stygian/grads-2.2.1/supplibs/include/X11/neXtaw -I/home/stygian/grads-2.2.1/supplibs/include/libsx  -L/home/stygian/grads-2.2.1/supplibs/lib  conftest.c -lsx  -lm    -lSM -lICE -lX11  >&5
configure:22759: $? = 0
configure:22768: result: yes
configure:23667: checking that generated files are newer than configure
configure:23673: result: done
configure:23729: creating ./config.status

## ---------------------- ##
## Running config.status. ##
## ---------------------- ##

This file was extended by GrADS config.status 2.2.1, which was
generated by GNU Autoconf 2.69.  Invocation command line was

  CONFIG_FILES    = 
  CONFIG_HEADERS  = 
  CONFIG_LINKS    = 
  CONFIG_COMMANDS = 
  $ ./config.status 

on nano

config.status:1234: creating Makefile
config.status:1234: creating src/Makefile
config.status:1234: creating src/config.h
config.status:1415: src/config.h is unchanged
config.status:1463: executing libtool commands

## ---------------- ##
## Cache variables. ##
## ---------------- ##

ac_cv_build=x86_64-unknown-linux-gnu
ac_cv_c_bigendian=no
ac_cv_c_compiler_gnu=yes
ac_cv_c_const=yes
ac_cv_cxx_compiler_gnu=yes
ac_cv_env_CAIRO_CFLAGS_set=
ac_cv_env_CAIRO_CFLAGS_value=
ac_cv_env_CAIRO_LIBS_set=
ac_cv_env_CAIRO_LIBS_value=
ac_cv_env_CCC_set=
ac_cv_env_CCC_value=
ac_cv_env_CC_set=
ac_cv_env_CC_value=
ac_cv_env_CFLAGS_set=
ac_cv_env_CFLAGS_value=
ac_cv_env_CPPFLAGS_set=
ac_cv_env_CPPFLAGS_value=
ac_cv_env_CPP_set=
ac_cv_env_CPP_value=
ac_cv_env_CXXCPP_set=
ac_cv_env_CXXCPP_value=
ac_cv_env_CXXFLAGS_set=
ac_cv_env_CXXFLAGS_value=
ac_cv_env_CXX_set=
ac_cv_env_CXX_value=
ac_cv_env_GD_CFLAGS_set=
ac_cv_env_GD_CFLAGS_value=
ac_cv_env_GD_LIBS_set=
ac_cv_env_GD_LIBS_value=
ac_cv_env_LDFLAGS_set=
ac_cv_env_LDFLAGS_value=
ac_cv_env_LIBS_set=
ac_cv_env_LIBS_value=
ac_cv_env_PKG_CONFIG_set=set
ac_cv_env_PKG_CONFIG_value=/usr/bin/pkg-config
ac_cv_env_SUPPLIBS_set=set
ac_cv_env_SUPPLIBS_value=/home/stygian/grads-2.2.1/supplibs
ac_cv_env_XAW7_CFLAGS_set=
ac_cv_env_XAW7_CFLAGS_value=
ac_cv_env_XAW7_LIBS_set=
ac_cv_env_XAW7_LIBS_value=
ac_cv_env_XMKMF_set=
ac_cv_env_XMKMF_value=
ac_cv_env_build_alias_set=
ac_cv_env_build_alias_value=
ac_cv_env_host_alias_set=
ac_cv_env_host_alias_value=
ac_cv_env_target_alias_set=
ac_cv_env_target_alias_value=
ac_cv_func_connect=yes
ac_cv_func_dlopen=yes
ac_cv_func_gethostbyname=yes
ac_cv_func_remove=yes
ac_cv_func_shl_load=no
ac_cv_func_shmat=yes
ac_cv_have_x='have_x=yes	ac_x_includes='\'''\''	ac_x_libraries='\'''\'''
ac_cv_header_cairo_h=yes
ac_cv_header_cairo_xlib_h=yes
ac_cv_header_dlfcn_h=yes
ac_cv_header_ft2build_h=yes
ac_cv_header_gd_h=yes
ac_cv_header_geotiff_h=yes
ac_cv_header_geotiffio_h=yes
ac_cv_header_grib2_h=yes
ac_cv_header_hdf5_h=yes
ac_cv_header_inttypes_h=yes
ac_cv_header_jasper_h=yes
ac_cv_header_malloc_h=yes
ac_cv_header_memory_h=yes
ac_cv_header_mfhdf_h=yes
ac_cv_header_netcdf_h=yes
ac_cv_header_readline_history_h=yes
ac_cv_header_readline_readline_h=yes
ac_cv_header_shapefil_h=yes
ac_cv_header_stdc=yes
ac_cv_header_stdint_h=yes
ac_cv_header_stdlib_h=yes
ac_cv_header_string_h=yes
ac_cv_header_strings_h=yes
ac_cv_header_sys_file_h=yes
ac_cv_header_sys_stat_h=yes
ac_cv_header_sys_types_h=yes
ac_cv_header_udunits_h=yes
ac_cv_header_unistd_h=yes
ac_cv_header_xtiffio_h=yes
ac_cv_header_zlib_h=yes
ac_cv_host=x86_64-unknown-linux-gnu
ac_cv_lib_ICE_IceConnectionNumber=yes
ac_cv_lib_Xaw_main=yes
ac_cv_lib_Xext_main=yes
ac_cv_lib_Xmu_main=yes
ac_cv_lib_Xpm_main=yes
ac_cv_lib_Xrender_main=yes
ac_cv_lib_Xt_main=yes
ac_cv_lib_cairo_main=yes
ac_cv_lib_curl_main=yes
ac_cv_lib_df_main=yes
ac_cv_lib_dld_shl_load=no
ac_cv_lib_fontconfig_main=yes
ac_cv_lib_freetype_main=yes
ac_cv_lib_gd_gdImageCreate=yes
ac_cv_lib_gd_gdImageJpeg=yes
ac_cv_lib_geotiff_main=yes
ac_cv_lib_grib2c_main=yes
ac_cv_lib_hdf5_hl_main=yes
ac_cv_lib_hdf5_main=yes
ac_cv_lib_jasper_main=yes
ac_cv_lib_jpeg_main=yes
ac_cv_lib_m_cos=yes
ac_cv_lib_mfhdf_main=yes
ac_cv_lib_ncurses_tgetent=yes
ac_cv_lib_netcdf_main=yes
ac_cv_lib_pixman_1_main=yes
ac_cv_lib_png15_main=yes
ac_cv_lib_readline_tgetent=no
ac_cv_lib_shp_main=yes
ac_cv_lib_sx_main=yes
ac_cv_lib_tiff_main=yes
ac_cv_lib_udunits_utInit=yes
ac_cv_lib_xml2_main=yes
ac_cv_lib_z_compress=yes
ac_cv_objext=o
ac_cv_path_EGREP='/usr/bin/grep -E'
ac_cv_path_FGREP='/usr/bin/grep -F'
ac_cv_path_GREP=/usr/bin/grep
ac_cv_path_SED=/usr/bin/sed
ac_cv_path_install='/usr/bin/install -c'
ac_cv_path_mkdir=/usr/bin/mkdir
ac_cv_prog_AWK=gawk
ac_cv_prog_CPP='gcc -E'
ac_cv_prog_CXXCPP='g++ -E'
ac_cv_prog_ac_ct_AR=ar
ac_cv_prog_ac_ct_CC=gcc
ac_cv_prog_ac_ct_CXX=g++
ac_cv_prog_ac_ct_MANIFEST_TOOL=mt
ac_cv_prog_ac_ct_OBJDUMP=objdump
ac_cv_prog_ac_ct_RANLIB=ranlib
ac_cv_prog_ac_ct_STRIP=strip
ac_cv_prog_cc_c89=
ac_cv_prog_cc_g=yes
ac_cv_prog_cxx_g=yes
ac_cv_prog_make_make_set=yes
ac_cv_sys_file_offset_bits=no
ac_cv_sys_largefile_CC=no
ac_cv_sys_largefile_source=no
ac_cv_type_off_t=yes
am_cv_make_support_nested_variables=yes
lt_cv_ar_at_file=@
lt_cv_deplibs_check_method=pass_all
lt_cv_dlopen=dlopen
lt_cv_dlopen_libs=
lt_cv_dlopen_self=yes
lt_cv_dlopen_self_static=no
lt_cv_file_magic_cmd='$MAGIC_CMD'
lt_cv_file_magic_test_file=
lt_cv_ld_reload_flag=-r
lt_cv_nm_interface='BSD nm'
lt_cv_objdir=.libs
lt_cv_path_LD=/usr/bin/ld
lt_cv_path_LDCXX='/usr/bin/ld -m elf_x86_64'
lt_cv_path_NM='/usr/bin/nm -B'
lt_cv_path_mainfest_tool=no
lt_cv_prog_compiler_c_o=yes
lt_cv_prog_compiler_c_o_CXX=yes
lt_cv_prog_compiler_pic='-fPIC -DPIC'
lt_cv_prog_compiler_pic_CXX='-fPIC -DPIC'
lt_cv_prog_compiler_pic_works=yes
lt_cv_prog_compiler_pic_works_CXX=yes
lt_cv_prog_compiler_rtti_exceptions=no
lt_cv_prog_compiler_static_works=yes
lt_cv_prog_compiler_static_works_CXX=yes
lt_cv_prog_gnu_ld=yes
lt_cv_prog_gnu_ldcxx=yes
lt_cv_sharedlib_from_linklib_cmd='printf %s\n'
lt_cv_shlibpath_overrides_runpath=yes
lt_cv_sys_global_symbol_pipe='sed -n -e '\''s/^.*[	 ]\([ABCDGIRSTW][ABCDGIRSTW]*\)[	 ][	 ]*\([_A-Za-z][_A-Za-z0-9]*\)$/\1 \2 \2/p'\'' | sed '\''/ __gnu_lto/d'\'''
lt_cv_sys_global_symbol_to_c_name_address='sed -n -e '\''s/^: \([^ ]*\)[ ]*$/  {\"\1\", (void *) 0},/p'\'' -e '\''s/^[ABCDGIRSTW]* \([^ ]*\) \([^ ]*\)$/  {"\2", (void *) \&\2},/p'\'''
lt_cv_sys_global_symbol_to_c_name_address_lib_prefix='sed -n -e '\''s/^: \([^ ]*\)[ ]*$/  {\"\1\", (void *) 0},/p'\'' -e '\''s/^[ABCDGIRSTW]* \([^ ]*\) \(lib[^ ]*\)$/  {"\2", (void *) \&\2},/p'\'' -e '\''s/^[ABCDGIRSTW]* \([^ ]*\) \([^ ]*\)$/  {"lib\2", (void *) \&\2},/p'\'''
lt_cv_sys_global_symbol_to_cdecl='sed -n -e '\''s/^T .* \(.*\)$/extern int \1();/p'\'' -e '\''s/^[ABCDGIRSTW]* .* \(.*\)$/extern char \1;/p'\'''
lt_cv_sys_max_cmd_len=1572864
lt_cv_to_host_file_cmd=func_convert_file_noop
lt_cv_to_tool_file_cmd=func_convert_file_noop

## ----------------- ##
## Output variables. ##
## ----------------- ##

ACLOCAL='aclocal-1.13'
AMTAR='$${TAR-tar}'
AM_BACKSLASH='\'
AM_DEFAULT_V='$(AM_DEFAULT_VERBOSITY)'
AM_DEFAULT_VERBOSITY='1'
AM_V='$(V)'
AR='ar'
AUTOCONF='autoconf'
AUTOHEADER='autoheader'
AUTOMAKE='automake-1.13'
AWK='gawk'
CAIRO_CFLAGS=''
CAIRO_LIBS=''
CC='gcc'
CFLAGS='-g -O2 -rdynamic'
CPP='gcc -E'
CPPFLAGS='-I/home/stygian/grads-2.2.1/supplibs/include '
CXX='g++'
CXXCPP='g++ -E'
CXXFLAGS='-g -O2'
CYGPATH_W='echo'
DEFS='-DHAVE_CONFIG_H'
DLLTOOL='false'
DSYMUTIL=''
DUMPBIN=''
ECHO_C=''
ECHO_N='-n'
ECHO_T=''
EGREP='/usr/bin/grep -E'
EXEEXT=''
FGREP='/usr/bin/grep -F'
G2_LIBS=''
GADAP_LIBS=''
GA_LIBSX_LIBS=''
GD_CFLAGS=''
GD_CONFIG=''
GD_LIBS=''
GEOTIFF_CFLAGS=''
GEOTIFF_FALSE='#'
GEOTIFF_LDFLAGS=''
GEOTIFF_LIBS=''
GEOTIFF_TRUE=''
GREP='/usr/bin/grep'
HDF4_CFLAGS=''
HDF4_LDFLAGS=''
HDF4_LIBS=''
HDF5_CFLAGS=''
HDF5_LDFLAGS=''
HDF5_LIBS=''
INSTALL_DATA='${INSTALL} -m 644'
INSTALL_PROGRAM='${INSTALL}'
INSTALL_SCRIPT='${INSTALL}'
INSTALL_STRIP_PROGRAM='$(install_sh) -c -s'
LD='/usr/bin/ld -m elf_x86_64'
LDFLAGS='-L/home/stygian/grads-2.2.1/supplibs/lib '
LIBGX_AGE='1'
LIBGX_CURRENT='1'
LIBGX_REVISION='0'
LIBGX_VERSION='1:0:1'
LIBOBJS=''
LIBS='-lm  '
LIBTOOL='$(SHELL) $(top_builddir)/libtool'
LIPO=''
LN_S='ln -s'
LTLIBOBJS=''
MAINT='#'
MAINTAINER_MODE_FALSE=''
MAINTAINER_MODE_TRUE='#'
MAKEINFO='makeinfo'
MANIFEST_TOOL=':'
MKDIR_P='/usr/bin/mkdir -p'
NC_CFLAGS=''
NC_LDFLAGS=''
NC_LIBS=''
NC_NETCDF_3_CPPFLAG=''
NM='/usr/bin/nm -B'
NMEDIT=''
OBJDUMP='objdump'
OBJEXT='o'
OTOOL64=''
OTOOL=''
PACKAGE='grads'
PACKAGE_BUGREPORT='jadams21@gmu.edu'
PACKAGE_NAME='GrADS'
PACKAGE_STRING='GrADS 2.2.1'
PACKAGE_TARNAME='grads'
PACKAGE_URL=''
PACKAGE_VERSION='2.2.1'
PATH_SEPARATOR=':'
PKG_CONFIG='/usr/bin/pkg-config'
RANLIB='ranlib'
READLINE_FALSE='#'
READLINE_TRUE=''
SED='/usr/bin/sed'
SET_MAKE=''
SHELL='/bin/bash'
SHP_LIBS=''
STRIP='strip'
SUPPLIBS='/home/stygian/grads-2.2.1/supplibs'
UDUNITS_CFLAGS=''
UDUNITS_LDFLAGS=''
UDUNITS_LIBS=''
USECAIRO_FALSE='#'
USECAIRO_TRUE=''
USEDAP_FALSE=''
USEDAP_TRUE='#'
USEGADAP_FALSE=''
USEGADAP_TRUE='#'
USEGD_FALSE='#'
USEGD_TRUE=''
USEGUI_FALSE='#'
USEGUI_TRUE=''
USEHDF_FALSE='#'
USEHDF_TRUE=''
USESHP_FALSE='#'
USESHP_TRUE=''
VERSION='2.2.1'
XAW7_CFLAGS=''
XAW7_LIBS=''
XAW_CFLAGS=''
XAW_LIBS=''
XAW_XLIBS=''
XMKMF=''
X_CFLAGS=''
X_EXTRA_LIBS=''
X_LIBS=''
X_PRE_LIBS=' -lSM -lICE'
ac_ct_AR='ar'
ac_ct_CC='gcc'
ac_ct_CXX='g++'
ac_ct_DUMPBIN=''
am__EXEEXT_FALSE=''
am__EXEEXT_TRUE='#'
am__isrc=''
am__leading_dot='.'
am__tar='$${TAR-tar} chof - "$$tardir"'
am__untar='$${TAR-tar} xf -'
bindir='${exec_prefix}/bin'
build='x86_64-unknown-linux-gnu'
build_alias=''
build_cpu='x86_64'
build_os='linux-gnu'
build_vendor='unknown'
cairo_inc=' -I$(supp_include_dir)/cairo -I$(supp_include_dir)/freetype2'
cairo_libs=' -lcairo'
datadir='${datarootdir}'
datarootdir='${prefix}/share'
docdir='${datarootdir}/doc/${PACKAGE_TARNAME}'
dvidir='${docdir}'
exec_prefix='${prefix}'
gadap_inc=''
gadap_libs=''
gd_inc=''
gd_ldflags=''
gd_libs=' -lgd'
geotiff_inc=''
geotiff_ldflags=''
geotiff_libs=' -ltiff -lgeotiff'
grads_xlibs=' -lSM -lICE -lX11 '
grib2_libs=' -lgrib2c -ljasper -lpng15 -lz'
gui_inc=' -I$(supp_include_dir)/libsx'
gui_libs=' $(supp_lib_dir)/libsx.a -lXext -lXaw -lXpm -lXmu -lXt'
hdf5_inc=''
hdf5_libs=' -lhdf5'
hdf_inc=''
hdf_libs=' -lmfhdf -ldf -ljpeg -lz -ludunits'
host='x86_64-unknown-linux-gnu'
host_alias=''
host_cpu='x86_64'
host_ldadd=''
host_os='linux-gnu'
host_vendor='unknown'
htmldir='${docdir}'
includedir='${prefix}/include'
infodir='${datarootdir}/info'
install_sh='${SHELL} /home/stygian/grads-2.2.1/etc/install-sh'
libdir='${exec_prefix}/lib'
libexecdir='${exec_prefix}/libexec'
localedir='${datarootdir}/locale'
localstatedir='${prefix}/var'
mandir='${datarootdir}/man'
mkdir_p='$(MKDIR_P)'
nc_inc=''
nc_libs=' -ludunits -lnetcdf'
oldincludedir='/usr/include'
pdfdir='${docdir}'
prefix='/home/stygian/grads-2.2.1'
program_transform_name='s,x,x,'
psdir='${docdir}'
readline_libs=' -lreadline -lncurses'
sbindir='${exec_prefix}/sbin'
sharedstatedir='${prefix}/com'
shp_libs=' -lshp'
sysconfdir='${prefix}/etc'
target_alias=''

## ----------- ##
## confdefs.h. ##
## ----------- ##

/* confdefs.h */
#define PACKAGE_NAME "GrADS"
#define PACKAGE_TARNAME "grads"
#define PACKAGE_VERSION "2.2.1"
#define PACKAGE_STRING "GrADS 2.2.1"
#define PACKAGE_BUGREPORT "jadams21@gmu.edu"
#define PACKAGE_URL ""
#define STDC_HEADERS 1
#define HAVE_SYS_TYPES_H 1
#define HAVE_SYS_STAT_H 1
#define HAVE_STDLIB_H 1
#define HAVE_STRING_H 1
#define HAVE_MEMORY_H 1
#define HAVE_STRINGS_H 1
#define HAVE_INTTYPES_H 1
#define HAVE_STDINT_H 1
#define HAVE_UNISTD_H 1
#define HAVE_DLFCN_H 1
#define LT_OBJDIR ".libs/"
#define GRADS_CRAY 0
#define GRADS_HP64 0
#define HAVE_LIBM 1
#define STDC_HEADERS 1
#define HAVE_MALLOC_H 1
#define HAVE_SYS_FILE_H 1
#define HAVE_UNISTD_H 1
#define BYTEORDER 0
#define HAVE_FSEEKO 1
#define READLINE 1
#define GEOTIFF 1
#define USESHP 1
#define USEGD 1
#define GRIB2 1
#define USECAIRO 1
#define USEHDF5 1
#define USEHDF 1
#define USENETCDF 1
#define HAVENETCDF4 0
#define USEGUI 1
#define USEFREQ 0
#define GRADS_VERSION "2.2.1"

configure: exit 0
